<?xml version="1.0" encoding="UTF-8"?>
<testsuite name="login related test"
           tests="3"
           failures="0"
           errors="0"
           skipped="0"
           time="0.004">
  <properties />
  
  
            <testcase name="ClassTwoTest1" time="0.001" classname="TestNGDemos.testngxml.ClassTwo" />
                <testcase name="ClassTwoTest2" time="0.002" classname="TestNGDemos.testngxml.ClassTwo" />
                <testcase name="ClassTwoTest3" time="0.001" classname="TestNGDemos.testngxml.ClassTwo" />
      
</testsuite>
